Copyright 1986-2018 Xilinx, Inc. All Rights Reserved.
-------------------------------------------------------------------------------------
| Tool Version : Vivado v.2018.2 (win64) Build 2258646 Thu Jun 14 20:03:12 MDT 2018
| Date         : Mon Apr 19 14:58:26 2021
| Host         : MTYA7435-01 running 64-bit major release  (build 9200)
| Command      : report_control_sets -verbose -file main_pwm_control_sets_placed.rpt
| Design       : main_pwm
| Device       : xc7a100t
-------------------------------------------------------------------------------------

Control Set Information

Table of Contents
-----------------
1. Summary
2. Histogram
3. Flip-Flop Distribution
4. Detailed Control Set Information

1. Summary
----------

+----------------------------------------------------------+-------+
|                          Status                          | Count |
+----------------------------------------------------------+-------+
| Number of unique control sets                            |     3 |
| Unused register locations in slices containing registers |     6 |
+----------------------------------------------------------+-------+


2. Histogram
------------

+--------+--------------+
| Fanout | Control Sets |
+--------+--------------+
|      2 |            1 |
|    16+ |            2 |
+--------+--------------+


3. Flip-Flop Distribution
-------------------------

+--------------+-----------------------+------------------------+-----------------+--------------+
| Clock Enable | Synchronous Set/Reset | Asynchronous Set/Reset | Total Registers | Total Slices |
+--------------+-----------------------+------------------------+-----------------+--------------+
| No           | No                    | No                     |              80 |           10 |
| No           | No                    | Yes                    |               0 |            0 |
| No           | Yes                   | No                     |              56 |            7 |
| Yes          | No                    | No                     |               0 |            0 |
| Yes          | No                    | Yes                    |               0 |            0 |
| Yes          | Yes                   | No                     |               2 |            1 |
+--------------+-----------------------+------------------------+-----------------+--------------+


4. Detailed Control Set Information
-----------------------------------

+--------------------+-------------------------+------------------+------------------+----------------+
|    Clock Signal    |      Enable Signal      | Set/Reset Signal | Slice Load Count | Bel Load Count |
+--------------------+-------------------------+------------------+------------------+----------------+
|  clk100m_IBUF_BUFG | pwm_counter_reg_i_2_n_0 | p_1_in           |                1 |              2 |
|  btn_in_IBUF_BUFG  |                         | clear            |                7 |             56 |
|  clk100m_IBUF_BUFG |                         |                  |               10 |             80 |
+--------------------+-------------------------+------------------+------------------+----------------+


